info: app started.. {"timestamp":"2019-01-30T11:22:41.148Z"}
error: generic errorgeneric error {"stack":"Error: generic error\n    at router.get (D:\\_WorkArea\\vidly\\routes\\genres.js:9:11)\n    at newFn (D:\\_WorkArea\\vidly\\node_modules\\express-async-errors\\index.js:16:20)\n    at Layer.handle [as handle_request] (D:\\_WorkArea\\vidly\\node_modules\\express\\lib\\router\\layer.js:95:5)\n    at next (D:\\_WorkArea\\vidly\\node_modules\\express\\lib\\router\\route.js:137:13)\n    at Route.dispatch (D:\\_WorkArea\\vidly\\node_modules\\express\\lib\\router\\route.js:112:3)\n    at newFn (D:\\_WorkArea\\vidly\\node_modules\\express-async-errors\\index.js:16:20)\n    at Layer.handle [as handle_request] (D:\\_WorkArea\\vidly\\node_modules\\express\\lib\\router\\layer.js:95:5)\n    at D:\\_WorkArea\\vidly\\node_modules\\express\\lib\\router\\index.js:281:22\n    at Function.process_params (D:\\_WorkArea\\vidly\\node_modules\\express\\lib\\router\\index.js:335:12)\n    at next (D:\\_WorkArea\\vidly\\node_modules\\express\\lib\\router\\index.js:275:10)\n    at Function.handle (D:\\_WorkArea\\vidly\\node_modules\\express\\lib\\router\\index.js:174:3)\n    at router (D:\\_WorkArea\\vidly\\node_modules\\express\\lib\\router\\index.js:47:12)\n    at newFn (D:\\_WorkArea\\vidly\\node_modules\\express-async-errors\\index.js:16:20)\n    at Layer.handle [as handle_request] (D:\\_WorkArea\\vidly\\node_modules\\express\\lib\\router\\layer.js:95:5)\n    at trim_prefix (D:\\_WorkArea\\vidly\\node_modules\\express\\lib\\router\\index.js:317:13)\n    at D:\\_WorkArea\\vidly\\node_modules\\express\\lib\\router\\index.js:284:7\n    at Function.process_params (D:\\_WorkArea\\vidly\\node_modules\\express\\lib\\router\\index.js:335:12)\n    at next (D:\\_WorkArea\\vidly\\node_modules\\express\\lib\\router\\index.js:275:10)\n    at jsonParser (D:\\_WorkArea\\vidly\\node_modules\\body-parser\\lib\\types\\json.js:110:7)\n    at newFn (D:\\_WorkArea\\vidly\\node_modules\\express-async-errors\\index.js:16:20)\n    at Layer.handle [as handle_request] (D:\\_WorkArea\\vidly\\node_modules\\express\\lib\\router\\layer.js:95:5)\n    at trim_prefix (D:\\_WorkArea\\vidly\\node_modules\\express\\lib\\router\\index.js:317:13)","timestamp":"2019-01-30T11:22:48.691Z"}
info: app started.. {"timestamp":"2019-01-30T11:25:43.637Z"}
info: app started.. {"timestamp":"2019-01-30T11:26:15.437Z"}
info: app started.. {"timestamp":"2019-01-30T11:26:36.978Z"}
info: app started.. {"timestamp":"2019-01-30T11:27:29.244Z"}
info: app started.. {"timestamp":"2019-01-30T11:27:59.134Z"}
info: app started.. {"timestamp":"2019-01-30T11:28:26.519Z"}
info: app started.. {"timestamp":"2019-01-30T11:28:47.888Z"}
info: app started.. {"timestamp":"2019-01-30T11:30:12.939Z"}
info: app started.. {"timestamp":"2019-01-30T11:35:07.142Z"}
info: app started.. {"timestamp":"2019-01-30T11:35:23.444Z"}
info: app started.. {"timestamp":"2019-01-30T11:37:01.107Z"}
info: app started.. {"timestamp":"2019-01-30T11:37:53.620Z"}
info: app started.. {"timestamp":"2019-01-30T11:38:04.541Z"}
info: app started.. {"timestamp":"2019-01-30T11:38:35.274Z"}
info: app started.. {"timestamp":"2019-01-30T11:38:41.938Z"}
info: app started.. {"timestamp":"2019-01-30T11:39:21.063Z"}
info: app started.. {"timestamp":"2019-01-30T11:39:35.547Z"}
info: app started.. {"timestamp":"2019-01-30T11:40:22.899Z"}
info: app started.. {"timestamp":"2019-01-30T11:40:50.698Z"}
info: app started.. {"timestamp":"2019-01-30T11:43:14.522Z"}
info: app started.. {"timestamp":"2019-01-30T11:44:05.469Z"}
info: connected to db.. {"timestamp":"2019-01-30T11:44:07.133Z"}
error: generic errorgeneric error {"stack":"Error: generic error\n    at router.get (D:\\_WorkArea\\vidly\\routes\\genres.js:9:11)\n    at newFn (D:\\_WorkArea\\vidly\\node_modules\\express-async-errors\\index.js:16:20)\n    at Layer.handle [as handle_request] (D:\\_WorkArea\\vidly\\node_modules\\express\\lib\\router\\layer.js:95:5)\n    at next (D:\\_WorkArea\\vidly\\node_modules\\express\\lib\\router\\route.js:137:13)\n    at Route.dispatch (D:\\_WorkArea\\vidly\\node_modules\\express\\lib\\router\\route.js:112:3)\n    at newFn (D:\\_WorkArea\\vidly\\node_modules\\express-async-errors\\index.js:16:20)\n    at Layer.handle [as handle_request] (D:\\_WorkArea\\vidly\\node_modules\\express\\lib\\router\\layer.js:95:5)\n    at D:\\_WorkArea\\vidly\\node_modules\\express\\lib\\router\\index.js:281:22\n    at Function.process_params (D:\\_WorkArea\\vidly\\node_modules\\express\\lib\\router\\index.js:335:12)\n    at next (D:\\_WorkArea\\vidly\\node_modules\\express\\lib\\router\\index.js:275:10)\n    at Function.handle (D:\\_WorkArea\\vidly\\node_modules\\express\\lib\\router\\index.js:174:3)\n    at router (D:\\_WorkArea\\vidly\\node_modules\\express\\lib\\router\\index.js:47:12)\n    at newFn (D:\\_WorkArea\\vidly\\node_modules\\express-async-errors\\index.js:16:20)\n    at Layer.handle [as handle_request] (D:\\_WorkArea\\vidly\\node_modules\\express\\lib\\router\\layer.js:95:5)\n    at trim_prefix (D:\\_WorkArea\\vidly\\node_modules\\express\\lib\\router\\index.js:317:13)\n    at D:\\_WorkArea\\vidly\\node_modules\\express\\lib\\router\\index.js:284:7\n    at Function.process_params (D:\\_WorkArea\\vidly\\node_modules\\express\\lib\\router\\index.js:335:12)\n    at next (D:\\_WorkArea\\vidly\\node_modules\\express\\lib\\router\\index.js:275:10)\n    at jsonParser (D:\\_WorkArea\\vidly\\node_modules\\body-parser\\lib\\types\\json.js:110:7)\n    at newFn (D:\\_WorkArea\\vidly\\node_modules\\express-async-errors\\index.js:16:20)\n    at Layer.handle [as handle_request] (D:\\_WorkArea\\vidly\\node_modules\\express\\lib\\router\\layer.js:95:5)\n    at trim_prefix (D:\\_WorkArea\\vidly\\node_modules\\express\\lib\\router\\index.js:317:13)","timestamp":"2019-01-30T11:44:19.956Z"}
error: generic errorgeneric error {"stack":"Error: generic error\n    at router.get (D:\\_WorkArea\\vidly\\routes\\genres.js:9:11)\n    at newFn (D:\\_WorkArea\\vidly\\node_modules\\express-async-errors\\index.js:16:20)\n    at Layer.handle [as handle_request] (D:\\_WorkArea\\vidly\\node_modules\\express\\lib\\router\\layer.js:95:5)\n    at next (D:\\_WorkArea\\vidly\\node_modules\\express\\lib\\router\\route.js:137:13)\n    at Route.dispatch (D:\\_WorkArea\\vidly\\node_modules\\express\\lib\\router\\route.js:112:3)\n    at newFn (D:\\_WorkArea\\vidly\\node_modules\\express-async-errors\\index.js:16:20)\n    at Layer.handle [as handle_request] (D:\\_WorkArea\\vidly\\node_modules\\express\\lib\\router\\layer.js:95:5)\n    at D:\\_WorkArea\\vidly\\node_modules\\express\\lib\\router\\index.js:281:22\n    at Function.process_params (D:\\_WorkArea\\vidly\\node_modules\\express\\lib\\router\\index.js:335:12)\n    at next (D:\\_WorkArea\\vidly\\node_modules\\express\\lib\\router\\index.js:275:10)\n    at Function.handle (D:\\_WorkArea\\vidly\\node_modules\\express\\lib\\router\\index.js:174:3)\n    at router (D:\\_WorkArea\\vidly\\node_modules\\express\\lib\\router\\index.js:47:12)\n    at newFn (D:\\_WorkArea\\vidly\\node_modules\\express-async-errors\\index.js:16:20)\n    at Layer.handle [as handle_request] (D:\\_WorkArea\\vidly\\node_modules\\express\\lib\\router\\layer.js:95:5)\n    at trim_prefix (D:\\_WorkArea\\vidly\\node_modules\\express\\lib\\router\\index.js:317:13)\n    at D:\\_WorkArea\\vidly\\node_modules\\express\\lib\\router\\index.js:284:7\n    at Function.process_params (D:\\_WorkArea\\vidly\\node_modules\\express\\lib\\router\\index.js:335:12)\n    at next (D:\\_WorkArea\\vidly\\node_modules\\express\\lib\\router\\index.js:275:10)\n    at jsonParser (D:\\_WorkArea\\vidly\\node_modules\\body-parser\\lib\\types\\json.js:110:7)\n    at newFn (D:\\_WorkArea\\vidly\\node_modules\\express-async-errors\\index.js:16:20)\n    at Layer.handle [as handle_request] (D:\\_WorkArea\\vidly\\node_modules\\express\\lib\\router\\layer.js:95:5)\n    at trim_prefix (D:\\_WorkArea\\vidly\\node_modules\\express\\lib\\router\\index.js:317:13)","timestamp":"2019-01-30T11:44:49.033Z"}
error: generic errorgeneric error {"stack":"Error: generic error\n    at router.get (D:\\_WorkArea\\vidly\\routes\\genres.js:9:11)\n    at newFn (D:\\_WorkArea\\vidly\\node_modules\\express-async-errors\\index.js:16:20)\n    at Layer.handle [as handle_request] (D:\\_WorkArea\\vidly\\node_modules\\express\\lib\\router\\layer.js:95:5)\n    at next (D:\\_WorkArea\\vidly\\node_modules\\express\\lib\\router\\route.js:137:13)\n    at Route.dispatch (D:\\_WorkArea\\vidly\\node_modules\\express\\lib\\router\\route.js:112:3)\n    at newFn (D:\\_WorkArea\\vidly\\node_modules\\express-async-errors\\index.js:16:20)\n    at Layer.handle [as handle_request] (D:\\_WorkArea\\vidly\\node_modules\\express\\lib\\router\\layer.js:95:5)\n    at D:\\_WorkArea\\vidly\\node_modules\\express\\lib\\router\\index.js:281:22\n    at Function.process_params (D:\\_WorkArea\\vidly\\node_modules\\express\\lib\\router\\index.js:335:12)\n    at next (D:\\_WorkArea\\vidly\\node_modules\\express\\lib\\router\\index.js:275:10)\n    at Function.handle (D:\\_WorkArea\\vidly\\node_modules\\express\\lib\\router\\index.js:174:3)\n    at router (D:\\_WorkArea\\vidly\\node_modules\\express\\lib\\router\\index.js:47:12)\n    at newFn (D:\\_WorkArea\\vidly\\node_modules\\express-async-errors\\index.js:16:20)\n    at Layer.handle [as handle_request] (D:\\_WorkArea\\vidly\\node_modules\\express\\lib\\router\\layer.js:95:5)\n    at trim_prefix (D:\\_WorkArea\\vidly\\node_modules\\express\\lib\\router\\index.js:317:13)\n    at D:\\_WorkArea\\vidly\\node_modules\\express\\lib\\router\\index.js:284:7\n    at Function.process_params (D:\\_WorkArea\\vidly\\node_modules\\express\\lib\\router\\index.js:335:12)\n    at next (D:\\_WorkArea\\vidly\\node_modules\\express\\lib\\router\\index.js:275:10)\n    at jsonParser (D:\\_WorkArea\\vidly\\node_modules\\body-parser\\lib\\types\\json.js:110:7)\n    at newFn (D:\\_WorkArea\\vidly\\node_modules\\express-async-errors\\index.js:16:20)\n    at Layer.handle [as handle_request] (D:\\_WorkArea\\vidly\\node_modules\\express\\lib\\router\\layer.js:95:5)\n    at trim_prefix (D:\\_WorkArea\\vidly\\node_modules\\express\\lib\\router\\index.js:317:13)","timestamp":"2019-01-30T11:45:16.941Z"}
error: generic errorgeneric error {"stack":"Error: generic error\n    at router.get (D:\\_WorkArea\\vidly\\routes\\genres.js:9:11)\n    at newFn (D:\\_WorkArea\\vidly\\node_modules\\express-async-errors\\index.js:16:20)\n    at Layer.handle [as handle_request] (D:\\_WorkArea\\vidly\\node_modules\\express\\lib\\router\\layer.js:95:5)\n    at next (D:\\_WorkArea\\vidly\\node_modules\\express\\lib\\router\\route.js:137:13)\n    at Route.dispatch (D:\\_WorkArea\\vidly\\node_modules\\express\\lib\\router\\route.js:112:3)\n    at newFn (D:\\_WorkArea\\vidly\\node_modules\\express-async-errors\\index.js:16:20)\n    at Layer.handle [as handle_request] (D:\\_WorkArea\\vidly\\node_modules\\express\\lib\\router\\layer.js:95:5)\n    at D:\\_WorkArea\\vidly\\node_modules\\express\\lib\\router\\index.js:281:22\n    at Function.process_params (D:\\_WorkArea\\vidly\\node_modules\\express\\lib\\router\\index.js:335:12)\n    at next (D:\\_WorkArea\\vidly\\node_modules\\express\\lib\\router\\index.js:275:10)\n    at Function.handle (D:\\_WorkArea\\vidly\\node_modules\\express\\lib\\router\\index.js:174:3)\n    at router (D:\\_WorkArea\\vidly\\node_modules\\express\\lib\\router\\index.js:47:12)\n    at newFn (D:\\_WorkArea\\vidly\\node_modules\\express-async-errors\\index.js:16:20)\n    at Layer.handle [as handle_request] (D:\\_WorkArea\\vidly\\node_modules\\express\\lib\\router\\layer.js:95:5)\n    at trim_prefix (D:\\_WorkArea\\vidly\\node_modules\\express\\lib\\router\\index.js:317:13)\n    at D:\\_WorkArea\\vidly\\node_modules\\express\\lib\\router\\index.js:284:7\n    at Function.process_params (D:\\_WorkArea\\vidly\\node_modules\\express\\lib\\router\\index.js:335:12)\n    at next (D:\\_WorkArea\\vidly\\node_modules\\express\\lib\\router\\index.js:275:10)\n    at jsonParser (D:\\_WorkArea\\vidly\\node_modules\\body-parser\\lib\\types\\json.js:110:7)\n    at newFn (D:\\_WorkArea\\vidly\\node_modules\\express-async-errors\\index.js:16:20)\n    at Layer.handle [as handle_request] (D:\\_WorkArea\\vidly\\node_modules\\express\\lib\\router\\layer.js:95:5)\n    at trim_prefix (D:\\_WorkArea\\vidly\\node_modules\\express\\lib\\router\\index.js:317:13)","timestamp":"2019-01-30T11:45:30.885Z"}
error: failed to reconnect after 30 attempts with interval 1000 ms {"name":"MongoError","stack":"MongoError: failed to reconnect after 30 attempts with interval 1000 ms\n    at Connection.<anonymous> (D:\\_WorkArea\\vidly\\node_modules\\winston-mongodb\\node_modules\\mongodb-core\\lib\\connection\\pool.js:318:15)\n    at Connection.emit (events.js:182:13)\n    at Socket.<anonymous> (D:\\_WorkArea\\vidly\\node_modules\\winston-mongodb\\node_modules\\mongodb-core\\lib\\connection\\connection.js:189:49)\n    at Object.onceWrapper (events.js:273:13)\n    at Socket.emit (events.js:182:13)\n    at emitErrorNT (internal/streams/destroy.js:82:8)\n    at emitErrorAndCloseNT (internal/streams/destroy.js:50:3)\n    at process._tickCallback (internal/process/next_tick.js:63:19)","timestamp":"2019-01-30T11:45:45.638Z"}
info: app started.. {"timestamp":"2019-01-30T11:46:01.810Z"}
error: failed to connect to server [localhost:27017] on first connect [MongoNetworkError: connect ECONNREFUSED 127.0.0.1:27017] {"name":"MongoNetworkError","errorLabels":["TransientTransactionError"],"stack":"MongoNetworkError: failed to connect to server [localhost:27017] on first connect [MongoNetworkError: connect ECONNREFUSED 127.0.0.1:27017]\n    at Pool.<anonymous> (D:\\_WorkArea\\vidly\\node_modules\\mongodb-core\\lib\\topologies\\server.js:564:11)\n    at Pool.emit (events.js:182:13)\n    at Connection.<anonymous> (D:\\_WorkArea\\vidly\\node_modules\\mongodb-core\\lib\\connection\\pool.js:317:12)\n    at Object.onceWrapper (events.js:273:13)\n    at Connection.emit (events.js:182:13)\n    at Socket.<anonymous> (D:\\_WorkArea\\vidly\\node_modules\\mongodb-core\\lib\\connection\\connection.js:246:50)\n    at Object.onceWrapper (events.js:273:13)\n    at Socket.emit (events.js:182:13)\n    at emitErrorNT (internal/streams/destroy.js:82:8)\n    at emitErrorAndCloseNT (internal/streams/destroy.js:50:3)\n    at process._tickCallback (internal/process/next_tick.js:63:19)","timestamp":"2019-01-30T11:46:04.410Z"}
info: app started.. {"timestamp":"2019-01-30T11:46:41.633Z"}
info: connected to db.. {"timestamp":"2019-01-30T11:46:43.215Z"}
info: app started.. {"timestamp":"2019-01-30T11:46:59.541Z"}
error: failed to connect to server [localhost:27017] on first connect [MongoNetworkError: connect ECONNREFUSED 127.0.0.1:27017] {"name":"MongoNetworkError","errorLabels":["TransientTransactionError"],"stack":"MongoNetworkError: failed to connect to server [localhost:27017] on first connect [MongoNetworkError: connect ECONNREFUSED 127.0.0.1:27017]\n    at Pool.<anonymous> (D:\\_WorkArea\\vidly\\node_modules\\mongodb-core\\lib\\topologies\\server.js:564:11)\n    at Pool.emit (events.js:182:13)\n    at Connection.<anonymous> (D:\\_WorkArea\\vidly\\node_modules\\mongodb-core\\lib\\connection\\pool.js:317:12)\n    at Object.onceWrapper (events.js:273:13)\n    at Connection.emit (events.js:182:13)\n    at Socket.<anonymous> (D:\\_WorkArea\\vidly\\node_modules\\mongodb-core\\lib\\connection\\connection.js:246:50)\n    at Object.onceWrapper (events.js:273:13)\n    at Socket.emit (events.js:182:13)\n    at emitErrorNT (internal/streams/destroy.js:82:8)\n    at emitErrorAndCloseNT (internal/streams/destroy.js:50:3)\n    at process._tickCallback (internal/process/next_tick.js:63:19)","timestamp":"2019-01-30T11:47:02.151Z"}
info: app started.. {"timestamp":"2019-01-30T11:47:23.866Z"}
info: connected to db.. {"timestamp":"2019-01-30T11:47:25.558Z"}
info: app started.. {"timestamp":"2019-01-30T11:48:14.996Z"}
info: app started.. {"timestamp":"2019-01-30T11:48:20.196Z"}
info: connected to db.. {"timestamp":"2019-01-30T11:48:21.889Z"}
info: app started.. {"timestamp":"2019-01-30T11:50:17.775Z"}
info: connected to db.. {"timestamp":"2019-01-30T11:50:19.472Z"}
info: app started.. {"timestamp":"2019-01-30T11:50:33.287Z"}
info: connected to db.. {"timestamp":"2019-01-30T11:50:35.012Z"}
info: app started.. {"timestamp":"2019-01-30T11:51:00.731Z"}
info: connected to db.. {"timestamp":"2019-01-30T11:51:02.583Z"}
info: app started.. {"timestamp":"2019-01-30T11:52:25.329Z"}
info: app started.. {"timestamp":"2019-01-30T11:52:25.331Z"}
info: connected to db.. {"timestamp":"2019-01-30T11:52:27.047Z"}
info: app started.. {"timestamp":"2019-01-30T11:52:37.586Z"}
info: connected to db.. {"timestamp":"2019-01-30T11:52:39.273Z"}
info: app started.. {"timestamp":"2019-01-30T11:52:54.684Z"}
info: connected to db.. {"timestamp":"2019-01-30T11:52:56.347Z"}
info: app started.. {"timestamp":"2019-01-30T11:54:21.075Z"}
info: connected to db.. {"timestamp":"2019-01-30T11:54:22.721Z"}
info: app started.. {"timestamp":"2019-01-30T11:54:47.803Z"}
info: connected to db.. {"timestamp":"2019-01-30T11:54:49.435Z"}
info: app started.. {"timestamp":"2019-01-30T11:54:51.211Z"}
info: connected to db.. {"timestamp":"2019-01-30T11:54:52.854Z"}
info: app started.. {"timestamp":"2019-01-30T11:54:58.719Z"}
info: connected to db.. {"timestamp":"2019-01-30T11:55:00.404Z"}
info: app started.. {"timestamp":"2019-01-30T11:55:26.593Z"}
info: connected to db.. {"timestamp":"2019-01-30T11:55:28.371Z"}
info: app started.. {"timestamp":"2019-01-30T11:55:59.443Z"}
info: connected to db.. {"timestamp":"2019-01-30T11:56:01.166Z"}
info: app started.. {"timestamp":"2019-01-30T11:57:34.546Z"}
info: connected to db.. {"timestamp":"2019-01-30T11:57:36.246Z"}
info: app started.. {"timestamp":"2019-01-30T11:58:30.343Z"}
info: connected to db.. {"timestamp":"2019-01-30T11:58:32.033Z"}
info: app started.. {"timestamp":"2019-01-30T11:59:54.087Z"}
info: Listening on port 1234... {"timestamp":"2019-01-30T11:59:54.761Z"}
info: connected to db.. {"timestamp":"2019-01-30T11:59:55.819Z"}
info: app started.. {"timestamp":"2019-01-30T12:03:43.346Z"}
info: Listening on port 1234... {"timestamp":"2019-01-30T12:03:43.980Z"}
info: connected to db.. {"timestamp":"2019-01-30T12:03:45.034Z"}
